<?xml version="1.0" encoding="UTF-8"?>
<!-- Generated by org.testng.reporters.JUnitReportReporter -->
<testsuite hostname="wubindeMacBook-Pro.local" name="com.example.utdemo.FooServiceImplTest" tests="1" failures="0" timestamp="25 May 2018 08:18:44 GMT" time="0.047" errors="0">
  <testcase name="test" time="0.047" classname="com.example.utdemo.FooServiceImplTest"/>
</testsuite> <!-- com.example.utdemo.FooServiceImplTest -->
